
  .   ____          _            __ _ _
 /\\ / ___'_ __ _ _(_)_ __  __ _ \ \ \ \
( ( )\___ | '_ | '_| | '_ \/ _` | \ \ \ \
 \\/  ___)| |_)| | | | | || (_| |  ) ) ) )
  '  |____| .__|_| |_|_| |_\__, | / / / /
 =========|_|==============|___/=/_/_/_/

 :: Spring Boot ::                (v3.5.6)

2025-10-02T13:44:22.444+09:00  INFO 52873 --- [hello-api] [           main] c.example.helloapi.HelloApiApplication   : Starting HelloApiApplication v0.1.2 using Java 17.0.16 with PID 52873 (/home/hn123/code/hello-api/app.jar started by hn123 in /home/hn123/code/hello-api)
2025-10-02T13:44:22.447+09:00  INFO 52873 --- [hello-api] [           main] c.example.helloapi.HelloApiApplication   : No active profile set, falling back to 1 default profile: "default"
2025-10-02T13:44:23.199+09:00  INFO 52873 --- [hello-api] [           main] .s.d.r.c.RepositoryConfigurationDelegate : Bootstrapping Spring Data JPA repositories in DEFAULT mode.
2025-10-02T13:44:23.224+09:00  INFO 52873 --- [hello-api] [           main] .s.d.r.c.RepositoryConfigurationDelegate : Finished Spring Data repository scanning in 17 ms. Found 0 JPA repository interfaces.
2025-10-02T13:44:23.822+09:00  INFO 52873 --- [hello-api] [           main] o.s.b.w.embedded.tomcat.TomcatWebServer  : Tomcat initialized with port 8080 (http)
2025-10-02T13:44:23.848+09:00  INFO 52873 --- [hello-api] [           main] o.apache.catalina.core.StandardService   : Starting service [Tomcat]
2025-10-02T13:44:23.849+09:00  INFO 52873 --- [hello-api] [           main] o.apache.catalina.core.StandardEngine    : Starting Servlet engine: [Apache Tomcat/10.1.46]
2025-10-02T13:44:23.878+09:00  INFO 52873 --- [hello-api] [           main] o.a.c.c.C.[Tomcat].[localhost].[/]       : Initializing Spring embedded WebApplicationContext
2025-10-02T13:44:23.880+09:00  INFO 52873 --- [hello-api] [           main] w.s.c.ServletWebServerApplicationContext : Root WebApplicationContext: initialization completed in 1380 ms
2025-10-02T13:44:24.040+09:00  INFO 52873 --- [hello-api] [           main] com.zaxxer.hikari.HikariDataSource       : HikariPool-1 - Starting...
2025-10-02T13:44:24.165+09:00  INFO 52873 --- [hello-api] [           main] com.zaxxer.hikari.pool.HikariPool        : HikariPool-1 - Added connection conn0: url=jdbc:h2:mem:05752724-d2d9-4d46-b61d-c7589ddcf829 user=SA
2025-10-02T13:44:24.166+09:00  INFO 52873 --- [hello-api] [           main] com.zaxxer.hikari.HikariDataSource       : HikariPool-1 - Start completed.
2025-10-02T13:44:24.205+09:00  INFO 52873 --- [hello-api] [           main] o.hibernate.jpa.internal.util.LogHelper  : HHH000204: Processing PersistenceUnitInfo [name: default]
2025-10-02T13:44:24.256+09:00  INFO 52873 --- [hello-api] [           main] org.hibernate.Version                    : HHH000412: Hibernate ORM core version 6.6.29.Final
2025-10-02T13:44:24.282+09:00  INFO 52873 --- [hello-api] [           main] o.h.c.internal.RegionFactoryInitiator    : HHH000026: Second-level cache disabled
2025-10-02T13:44:24.528+09:00  INFO 52873 --- [hello-api] [           main] o.s.o.j.p.SpringPersistenceUnitInfo      : No LoadTimeWeaver setup: ignoring JPA class transformer
2025-10-02T13:44:24.612+09:00  INFO 52873 --- [hello-api] [           main] org.hibernate.orm.connections.pooling    : HHH10001005: Database info:
	Database JDBC URL [Connecting through datasource 'HikariDataSource (HikariPool-1)']
	Database driver: undefined/unknown
	Database version: 2.3.232
	Autocommit mode: undefined/unknown
	Isolation level: undefined/unknown
	Minimum pool size: undefined/unknown
	Maximum pool size: undefined/unknown
2025-10-02T13:44:24.852+09:00  INFO 52873 --- [hello-api] [           main] o.h.e.t.j.p.i.JtaPlatformInitiator       : HHH000489: No JTA platform available (set 'hibernate.transaction.jta.platform' to enable JTA platform integration)
2025-10-02T13:44:24.856+09:00  INFO 52873 --- [hello-api] [           main] j.LocalContainerEntityManagerFactoryBean : Initialized JPA EntityManagerFactory for persistence unit 'default'
2025-10-02T13:44:24.895+09:00  WARN 52873 --- [hello-api] [           main] JpaBaseConfiguration$JpaWebConfiguration : spring.jpa.open-in-view is enabled by default. Therefore, database queries may be performed during view rendering. Explicitly configure spring.jpa.open-in-view to disable this warning
2025-10-02T13:44:25.400+09:00  INFO 52873 --- [hello-api] [           main] o.s.b.w.embedded.tomcat.TomcatWebServer  : Tomcat started on port 8080 (http) with context path '/'
2025-10-02T13:44:25.438+09:00  INFO 52873 --- [hello-api] [           main] c.example.helloapi.HelloApiApplication   : Started HelloApiApplication in 3.474 seconds (process running for 3.938)
2025-10-02T13:45:07.307+09:00  INFO 52873 --- [hello-api] [nio-8080-exec-1] o.a.c.c.C.[Tomcat].[localhost].[/]       : Initializing Spring DispatcherServlet 'dispatcherServlet'
2025-10-02T13:45:07.308+09:00  INFO 52873 --- [hello-api] [nio-8080-exec-1] o.s.web.servlet.DispatcherServlet        : Initializing Servlet 'dispatcherServlet'
2025-10-02T13:45:07.309+09:00  INFO 52873 --- [hello-api] [nio-8080-exec-1] o.s.web.servlet.DispatcherServlet        : Completed initialization in 0 ms
2025-10-02T13:45:18.950+09:00  INFO 52873 --- [hello-api] [ionShutdownHook] o.s.b.w.e.tomcat.GracefulShutdown        : Commencing graceful shutdown. Waiting for active requests to complete
2025-10-02T13:45:18.958+09:00  INFO 52873 --- [hello-api] [tomcat-shutdown] o.s.b.w.e.tomcat.GracefulShutdown        : Graceful shutdown complete
2025-10-02T13:45:18.961+09:00  INFO 52873 --- [hello-api] [ionShutdownHook] j.LocalContainerEntityManagerFactoryBean : Closing JPA EntityManagerFactory for persistence unit 'default'
2025-10-02T13:45:18.964+09:00  INFO 52873 --- [hello-api] [ionShutdownHook] com.zaxxer.hikari.HikariDataSource       : HikariPool-1 - Shutdown initiated...
2025-10-02T13:45:18.967+09:00  INFO 52873 --- [hello-api] [ionShutdownHook] com.zaxxer.hikari.HikariDataSource       : HikariPool-1 - Shutdown completed.
